<?xml version="1.0" encoding="UTF-8"?>
<!-- Generated by org.testng.reporters.JUnitReportReporter -->
<testsuite skipped="0" hostname="Jayshrees-Air" name="com.jbk.NewTest1" tests="1" failures="0" timestamp="10 Jun 2020 04:14:26 GMT" time="0.003" errors="0">
  <testcase name="testB" time="0.003" classname="com.jbk.NewTest1"/>
</testsuite> <!-- com.jbk.NewTest1 -->
