<?xml version="1.0" encoding="UTF-8"?>
<!-- Generated by org.testng.reporters.JUnitReportReporter -->
<testsuite skipped="0" hostname="Jayshrees-Air" name="com.jbk.NewTest" tests="4" failures="0" timestamp="11 Jun 2020 03:52:06 GMT" time="0.131" errors="0">
  <testcase name="verifyUrl" time="0.017" classname="com.jbk.NewTest"/>
  <testcase name="verifyTitle" time="0.010" classname="com.jbk.NewTest"/>
  <testcase name="SignInText" time="0.060" classname="com.jbk.NewTest"/>
  <testcase name="signInnButtonText" time="0.044" classname="com.jbk.NewTest"/>
</testsuite> <!-- com.jbk.NewTest -->
